<?xml version="1.0" encoding="UTF-8"?>
<!-- Generated by org.testng.reporters.JUnitReportReporter -->
<testsuite hostname="Sanjays-MacBook-Pro.local" failures="0" tests="1" name="testRunner.Runnn" time="10.768" errors="0" timestamp="2023-08-31T09:27:53 EDT" skipped="0">
  <testcase classname="testRunner.Runnn" name="runScenario" time="10.768"/>
  <system-out/>
</testsuite> <!-- testRunner.Runnn -->
